2026-02-22 11:49:47,557 [INFO] Starting training with args: {'model': 'enhanced', 'difficulty': 'hard', 'seed': 100, 'F': 52, 'T': 32, 'num_classes': 8, 'epochs': 100, 'batch': 64, 'n_samples': 5000, 'early_metric': 'macro_f1', 'patience': 10, 'ckpt_dir': 'D:\\phd_workspace\\paperA\\results_gpu\\maxwell_pinn_real\\pretrain', 'logit_l2': 0.0, 'sc_corr_rho': 0.5, 'env_burst_rate': 0.1, 'gain_drift_std': 0.1, 'class_overlap': 0.8, 'temp_mode': 'logspace', 'temp_min': 1.0, 'temp_max': 5.0, 'temp_steps': 100, 'val_split': 0.5, 'fixed_temp': 1.0, 'label_noise_prob': 0.0, 'cache_dir': 'cache/synth_data', 'amp': False, 'save_ckpt': 'final', 'num_workers_override': -1, 'prefetch_factor': 2, 'val_every': 1, 'out_json': 'D:\\phd_workspace\\paperA\\results_gpu\\maxwell_pinn_real\\pretrain\\enhanced_nogate_s100.json', 'log_dir': '', 'pinn_lambda_smooth': 0.0, 'pinn_lambda_energy': 0.0, 'pinn_ms_windows': '32,64,128', 'pinn_mamba_dmodel': 192, 'pinn_mamba_layers': 3, 'lambda_phy_mse': 1.0, 'lambda_phy_res': 0.1, 'residual_threshold': 0.05, 'use_residual_gate': False}
2026-02-22 11:49:47,558 [INFO] Logs saved to: D:\phd_workspace\paperA\results_gpu\maxwell_pinn_real\pretrain\logs\enhanced_nogate_s100.log
2026-02-22 11:49:47,588 [INFO] Using device: cuda
2026-02-22 11:49:47,674 [INFO] Dataset: Train=3500, Val=750, Test=750
2026-02-22 11:49:47,674 [INFO] DataLoader: num_workers=2, pin_memory=True
2026-02-22 11:49:47,756 [INFO] Model: enhanced with 641355 params
2026-02-22 11:49:51,479 [INFO] Epoch 1/100 - Val Loss: 1.3001
2026-02-22 11:49:53,109 [INFO] Epoch 2/100 - Val Loss: 1.1597
2026-02-22 11:49:54,731 [INFO] Epoch 3/100 - Val Loss: 1.0337
2026-02-22 11:49:56,323 [INFO] Epoch 4/100 - Val Loss: 0.9650
2026-02-22 11:49:57,888 [INFO] Epoch 5/100 - Val Loss: 0.8762
2026-02-22 11:49:57,975 [INFO] Epoch 5/100 - Train Loss: 395.3607, Val Loss: 0.8762, Val macro_f1: 0.7207
2026-02-22 11:49:59,472 [INFO] Epoch 6/100 - Val Loss: 0.8537
2026-02-22 11:50:01,039 [INFO] Epoch 7/100 - Val Loss: 0.8147
2026-02-22 11:50:02,622 [INFO] Epoch 8/100 - Val Loss: 0.8582
2026-02-22 11:50:04,176 [INFO] Epoch 9/100 - Val Loss: 0.8013
2026-02-22 11:50:05,765 [INFO] Epoch 10/100 - Val Loss: 0.8093
2026-02-22 11:50:05,851 [INFO] Epoch 10/100 - Train Loss: 377.3245, Val Loss: 0.8093, Val macro_f1: 0.6549
2026-02-22 11:50:07,348 [INFO] Epoch 11/100 - Val Loss: 0.7688
2026-02-22 11:50:08,911 [INFO] Epoch 12/100 - Val Loss: 0.6735
2026-02-22 11:50:10,492 [INFO] Epoch 13/100 - Val Loss: 0.6481
2026-02-22 11:50:12,063 [INFO] Epoch 14/100 - Val Loss: 0.7962
2026-02-22 11:50:13,633 [INFO] Epoch 15/100 - Val Loss: 0.7479
2026-02-22 11:50:13,717 [INFO] Epoch 15/100 - Train Loss: 373.7569, Val Loss: 0.7479, Val macro_f1: 0.7103
2026-02-22 11:50:15,210 [INFO] Epoch 16/100 - Val Loss: 0.7565
2026-02-22 11:50:16,806 [INFO] Epoch 17/100 - Val Loss: 0.6698
2026-02-22 11:50:18,403 [INFO] Epoch 18/100 - Val Loss: 0.6606
2026-02-22 11:50:19,974 [INFO] Epoch 19/100 - Val Loss: 0.6649
2026-02-22 11:50:21,549 [INFO] Epoch 20/100 - Val Loss: 0.6202
2026-02-22 11:50:21,638 [INFO] Epoch 20/100 - Train Loss: 371.2102, Val Loss: 0.6202, Val macro_f1: 0.7644
2026-02-22 11:50:23,099 [INFO] Epoch 21/100 - Val Loss: 0.7142
2026-02-22 11:50:24,610 [INFO] Epoch 22/100 - Val Loss: 0.6661
2026-02-22 11:50:26,109 [INFO] Epoch 23/100 - Val Loss: 0.6986
2026-02-22 11:50:27,608 [INFO] Epoch 24/100 - Val Loss: 0.6054
2026-02-22 11:50:29,097 [INFO] Epoch 25/100 - Val Loss: 0.5439
2026-02-22 11:50:29,175 [INFO] Epoch 25/100 - Train Loss: 371.2260, Val Loss: 0.5439, Val macro_f1: 0.7991
2026-02-22 11:50:30,644 [INFO] Epoch 26/100 - Val Loss: 0.6454
2026-02-22 11:50:32,246 [INFO] Epoch 27/100 - Val Loss: 0.6024
2026-02-22 11:50:33,784 [INFO] Epoch 28/100 - Val Loss: 0.6718
2026-02-22 11:50:35,373 [INFO] Epoch 29/100 - Val Loss: 0.5955
2026-02-22 11:50:36,882 [INFO] Epoch 30/100 - Val Loss: 0.5589
2026-02-22 11:50:36,963 [INFO] Epoch 30/100 - Train Loss: 369.6836, Val Loss: 0.5589, Val macro_f1: 0.7823
2026-02-22 11:50:38,396 [INFO] Epoch 31/100 - Val Loss: 0.5274
2026-02-22 11:50:39,889 [INFO] Epoch 32/100 - Val Loss: 0.5176
2026-02-22 11:50:41,438 [INFO] Epoch 33/100 - Val Loss: 0.7815
2026-02-22 11:50:43,013 [INFO] Epoch 34/100 - Val Loss: 0.5907
2026-02-22 11:50:44,570 [INFO] Epoch 35/100 - Val Loss: 0.5003
2026-02-22 11:50:44,653 [INFO] Epoch 35/100 - Train Loss: 370.3586, Val Loss: 0.5003, Val macro_f1: 0.8054
2026-02-22 11:50:46,160 [INFO] Epoch 36/100 - Val Loss: 0.5384
2026-02-22 11:50:47,711 [INFO] Epoch 37/100 - Val Loss: 0.6458
2026-02-22 11:50:49,278 [INFO] Epoch 38/100 - Val Loss: 0.5917
2026-02-22 11:50:50,839 [INFO] Epoch 39/100 - Val Loss: 0.6970
2026-02-22 11:50:52,401 [INFO] Epoch 40/100 - Val Loss: 0.6303
2026-02-22 11:50:52,483 [INFO] Epoch 40/100 - Train Loss: 369.7612, Val Loss: 0.6303, Val macro_f1: 0.7757
2026-02-22 11:50:53,967 [INFO] Epoch 41/100 - Val Loss: 0.6416
2026-02-22 11:50:55,572 [INFO] Epoch 42/100 - Val Loss: 0.6987
2026-02-22 11:50:57,153 [INFO] Epoch 43/100 - Val Loss: 0.6109
2026-02-22 11:50:58,702 [INFO] Epoch 44/100 - Val Loss: 0.5445
2026-02-22 11:51:00,280 [INFO] Epoch 45/100 - Val Loss: 0.7101
2026-02-22 11:51:00,362 [INFO] Early stopping at epoch 45
2026-02-22 11:51:00,443 [INFO] Collected test logits and targets
2026-02-22 11:51:00,456 [INFO] Calibration: T=0.9815, Details={'temperature': 0.9814585447311401, 'best_nll': 0.6848124861717224, 'method': 'logspace'}
2026-02-22 11:51:00,634 [INFO] Saved full results to D:\phd_workspace\paperA\results_gpu\maxwell_pinn_real\pretrain\enhanced_nogate_s100.json
2026-02-22 11:51:00,653 [INFO] Final model saved to D:\phd_workspace\paperA\results_gpu\maxwell_pinn_real\pretrain\final_enhanced_nogate_s100.pth
2026-02-22 11:51:00,654 [INFO] Updated registry: results\registry.csv
