2026-02-01 11:14:48,737 [INFO] Starting training with args: {'model': 'enhanced', 'difficulty': 'hard', 'seed': 0, 'F': 52, 'T': 32, 'num_classes': 8, 'epochs': 50, 'batch': 64, 'n_samples': 5000, 'early_metric': 'macro_f1', 'patience': 10, 'ckpt_dir': 'D:\\phd_workspace\\paperA\\results_gpu\\maxwell_ablation\\checkpoints', 'logit_l2': 0.0, 'sc_corr_rho': 0.5, 'env_burst_rate': 0.1, 'gain_drift_std': 0.1, 'class_overlap': 0.8, 'temp_mode': 'logspace', 'temp_min': 1.0, 'temp_max': 5.0, 'temp_steps': 100, 'val_split': 0.5, 'fixed_temp': 1.0, 'label_noise_prob': 0.0, 'cache_dir': 'cache/synth_data', 'amp': False, 'save_ckpt': 'final', 'num_workers_override': -1, 'prefetch_factor': 2, 'val_every': 1, 'out_json': 'D:\\phd_workspace\\paperA\\results_gpu\\maxwell_ablation\\maxwell_pinn_v4.json', 'log_dir': 'D:\\phd_workspace\\paperA\\results_gpu\\maxwell_ablation\\logs', 'pinn_lambda_smooth': 0.0, 'pinn_lambda_energy': 0.0, 'pinn_ms_windows': '32,64,128', 'pinn_mamba_dmodel': 192, 'pinn_mamba_layers': 3, 'lambda_phy_mse': 2.0, 'lambda_phy_res': 0.05, 'residual_threshold': 0.2, 'use_residual_gate': True}
2026-02-01 11:14:48,738 [INFO] Logs saved to: D:\phd_workspace\paperA\results_gpu\maxwell_ablation\logs\maxwell_pinn_v4.log
2026-02-01 11:14:50,978 [INFO] Using device: cuda
2026-02-01 11:14:50,987 [INFO] Dataset: Train=3500, Val=750, Test=750
2026-02-01 11:14:50,987 [INFO] DataLoader: num_workers=2, pin_memory=True
2026-02-01 11:14:51,050 [INFO] Model: enhanced with 641355 params
2026-02-01 11:14:54,070 [INFO] Epoch 1/50 - Val Loss: 2.1389
2026-02-01 11:14:55,359 [INFO] Epoch 2/50 - Val Loss: 2.1341
2026-02-01 11:14:56,649 [INFO] Epoch 3/50 - Val Loss: 2.1419
2026-02-01 11:14:57,922 [INFO] Epoch 4/50 - Val Loss: 2.1484
2026-02-01 11:14:59,208 [INFO] Epoch 5/50 - Val Loss: 2.1520
2026-02-01 11:14:59,278 [INFO] Epoch 5/50 - Train Loss: 3191.6425, Val Loss: 2.1520, Val macro_f1: 0.0381
2026-02-01 11:15:00,489 [INFO] Epoch 6/50 - Val Loss: 2.1484
2026-02-01 11:15:01,777 [INFO] Epoch 7/50 - Val Loss: 2.1278
2026-02-01 11:15:03,081 [INFO] Epoch 8/50 - Val Loss: 2.1359
2026-02-01 11:15:04,375 [INFO] Epoch 9/50 - Val Loss: 2.1534
2026-02-01 11:15:05,661 [INFO] Epoch 10/50 - Val Loss: 2.1554
2026-02-01 11:15:05,729 [INFO] Epoch 10/50 - Train Loss: 3193.8293, Val Loss: 2.1554, Val macro_f1: 0.0476
2026-02-01 11:15:06,964 [INFO] Epoch 11/50 - Val Loss: 2.1512
2026-02-01 11:15:08,264 [INFO] Epoch 12/50 - Val Loss: 2.1594
2026-02-01 11:15:08,334 [INFO] Early stopping at epoch 12
2026-02-01 11:15:08,402 [INFO] Collected test logits and targets
2026-02-01 11:15:08,407 [INFO] Calibration: T=5.0000, Details={'temperature': 5.0, 'best_nll': 2.090956449508667, 'method': 'logspace'}
2026-02-01 11:15:08,532 [INFO] Saved full results to D:\phd_workspace\paperA\results_gpu\maxwell_ablation\maxwell_pinn_v4.json
2026-02-01 11:15:08,545 [INFO] Final model saved to D:\phd_workspace\paperA\results_gpu\maxwell_ablation\checkpoints\final_enhanced_0_hard.pth
2026-02-01 11:15:08,545 [INFO] Updated registry: results\registry.csv
